Apache Maven 3.9.14 (996c630dbc656c76214ce58821dcc58be960875b)
Maven home: /Users/ahsan/.m2/wrapper/dists/apache-maven-3.9.14/db91789b
Java version: 25.0.2, vendor: Oracle Corporation, runtime: /Library/Java/JavaVirtualMachines/jdk-25.jdk/Contents/Home
Default locale: en_LK, platform encoding: UTF-8
OS name: "mac os x", version: "26.3.1", arch: "aarch64", family: "mac"
[DEBUG] Created new class realm maven.api
[DEBUG] Importing foreign packages into class realm maven.api
[DEBUG]   Imported: javax.annotation.* < plexus.core
[DEBUG]   Imported: javax.annotation.security.* < plexus.core
[DEBUG]   Imported: javax.inject.* < plexus.core
[DEBUG]   Imported: org.apache.maven.* < plexus.core
[DEBUG]   Imported: org.apache.maven.artifact < plexus.core
[DEBUG]   Imported: org.apache.maven.classrealm < plexus.core
[DEBUG]   Imported: org.apache.maven.cli < plexus.core
[DEBUG]   Imported: org.apache.maven.configuration < plexus.core
[DEBUG]   Imported: org.apache.maven.exception < plexus.core
[DEBUG]   Imported: org.apache.maven.execution < plexus.core
[DEBUG]   Imported: org.apache.maven.execution.scope < plexus.core
[DEBUG]   Imported: org.apache.maven.graph < plexus.core
[DEBUG]   Imported: org.apache.maven.lifecycle < plexus.core
[DEBUG]   Imported: org.apache.maven.model < plexus.core
[DEBUG]   Imported: org.apache.maven.monitor < plexus.core
[DEBUG]   Imported: org.apache.maven.plugin < plexus.core
[DEBUG]   Imported: org.apache.maven.profiles < plexus.core
[DEBUG]   Imported: org.apache.maven.project < plexus.core
[DEBUG]   Imported: org.apache.maven.reporting < plexus.core
[DEBUG]   Imported: org.apache.maven.repository < plexus.core
[DEBUG]   Imported: org.apache.maven.rtinfo < plexus.core
[DEBUG]   Imported: org.apache.maven.settings < plexus.core
[DEBUG]   Imported: org.apache.maven.toolchain < plexus.core
[DEBUG]   Imported: org.apache.maven.usability < plexus.core
[DEBUG]   Imported: org.apache.maven.wagon.* < plexus.core
[DEBUG]   Imported: org.apache.maven.wagon.authentication < plexus.core
[DEBUG]   Imported: org.apache.maven.wagon.authorization < plexus.core
[DEBUG]   Imported: org.apache.maven.wagon.events < plexus.core
[DEBUG]   Imported: org.apache.maven.wagon.observers < plexus.core
[DEBUG]   Imported: org.apache.maven.wagon.proxy < plexus.core
[DEBUG]   Imported: org.apache.maven.wagon.repository < plexus.core
[DEBUG]   Imported: org.apache.maven.wagon.resource < plexus.core
[DEBUG]   Imported: org.codehaus.classworlds < plexus.core
[DEBUG]   Imported: org.codehaus.plexus.* < plexus.core
[DEBUG]   Imported: org.codehaus.plexus.classworlds < plexus.core
[DEBUG]   Imported: org.codehaus.plexus.component < plexus.core
[DEBUG]   Imported: org.codehaus.plexus.configuration < plexus.core
[DEBUG]   Imported: org.codehaus.plexus.container < plexus.core
[DEBUG]   Imported: org.codehaus.plexus.context < plexus.core
[DEBUG]   Imported: org.codehaus.plexus.lifecycle < plexus.core
[DEBUG]   Imported: org.codehaus.plexus.logging < plexus.core
[DEBUG]   Imported: org.codehaus.plexus.personality < plexus.core
[DEBUG]   Imported: org.codehaus.plexus.util.xml.Xpp3Dom < plexus.core
[DEBUG]   Imported: org.codehaus.plexus.util.xml.pull.XmlPullParser < plexus.core
[DEBUG]   Imported: org.codehaus.plexus.util.xml.pull.XmlPullParserException < plexus.core
[DEBUG]   Imported: org.codehaus.plexus.util.xml.pull.XmlSerializer < plexus.core
[DEBUG]   Imported: org.eclipse.aether.* < plexus.core
[DEBUG]   Imported: org.eclipse.aether.artifact < plexus.core
[DEBUG]   Imported: org.eclipse.aether.collection < plexus.core
[DEBUG]   Imported: org.eclipse.aether.deployment < plexus.core
[DEBUG]   Imported: org.eclipse.aether.graph < plexus.core
[DEBUG]   Imported: org.eclipse.aether.impl < plexus.core
[DEBUG]   Imported: org.eclipse.aether.installation < plexus.core
[DEBUG]   Imported: org.eclipse.aether.internal.impl < plexus.core
[DEBUG]   Imported: org.eclipse.aether.metadata < plexus.core
[DEBUG]   Imported: org.eclipse.aether.repository < plexus.core
[DEBUG]   Imported: org.eclipse.aether.resolution < plexus.core
[DEBUG]   Imported: org.eclipse.aether.spi < plexus.core
[DEBUG]   Imported: org.eclipse.aether.transfer < plexus.core
[DEBUG]   Imported: org.eclipse.aether.util < plexus.core
[DEBUG]   Imported: org.eclipse.aether.version < plexus.core
[DEBUG]   Imported: org.fusesource.jansi.* < plexus.core
[DEBUG]   Imported: org.slf4j.* < plexus.core
[DEBUG]   Imported: org.slf4j.event.* < plexus.core
[DEBUG]   Imported: org.slf4j.helpers.* < plexus.core
[DEBUG]   Imported: org.slf4j.spi.* < plexus.core
[DEBUG] Populating class realm maven.api
[DEBUG] Created adapter factory; available factories [file-lock, rwlock-local, semaphore-local, noop]; available name mappers [discriminating, file-gaecv, file-gav, file-hgaecv, file-hgav, file-static, gaecv, gav, static]
[INFO] Error stacktraces are turned on.
[DEBUG] Message scheme: color
[DEBUG] Message styles: debug info warning error success failure strong mojo project
[DEBUG] Reading global settings from /Users/ahsan/.m2/wrapper/dists/apache-maven-3.9.14/db91789b/conf/settings.xml
[DEBUG] Reading user settings from /Users/ahsan/.m2/settings.xml
[DEBUG] Reading global toolchains from /Users/ahsan/.m2/wrapper/dists/apache-maven-3.9.14/db91789b/conf/toolchains.xml
[DEBUG] Reading user toolchains from /Users/ahsan/.m2/toolchains.xml
[DEBUG] Using local repository at /Users/ahsan/.m2/repository
[DEBUG] Using manager EnhancedLocalRepositoryManager with priority 10.0 for /Users/ahsan/.m2/repository
[INFO] Scanning for projects...
[ERROR] [ERROR] Some problems were encountered while processing the POMs:
[FATAL] Non-parseable POM /Users/ahsan/DSPROJECT/Health_Care_Platform/backend/auth-service/pom.xml: end tag name </dependencies> must match start tag name <dependency> from line 83 (position: TEXT seen ...</dependency>\n\t-->\n</dependencies>... @135:16)  @ line 135, column 16
 @ 
[ERROR] The build could not read 1 project -> [Help 1]
org.apache.maven.project.ProjectBuildingException: Some problems were encountered while processing the POMs:
[FATAL] Non-parseable POM /Users/ahsan/DSPROJECT/Health_Care_Platform/backend/auth-service/pom.xml: end tag name </dependencies> must match start tag name <dependency> from line 83 (position: TEXT seen ...</dependency>\n\t-->\n</dependencies>... @135:16)  @ line 135, column 16

    at org.apache.maven.project.DefaultProjectBuilder.build (DefaultProjectBuilder.java:389)
    at org.apache.maven.graph.DefaultGraphBuilder.collectProjects (DefaultGraphBuilder.java:351)
    at org.apache.maven.graph.DefaultGraphBuilder.getProjectsForMavenReactor (DefaultGraphBuilder.java:342)
    at org.apache.maven.graph.DefaultGraphBuilder.build (DefaultGraphBuilder.java:76)
    at org.apache.maven.DefaultMaven.buildGraph (DefaultMaven.java:448)
    at org.apache.maven.DefaultMaven.doExecute (DefaultMaven.java:197)
    at org.apache.maven.DefaultMaven.doExecute (DefaultMaven.java:173)
    at org.apache.maven.DefaultMaven.execute (DefaultMaven.java:101)
    at org.apache.maven.cli.MavenCli.execute (MavenCli.java:919)
    at org.apache.maven.cli.MavenCli.doMain (MavenCli.java:285)
    at org.apache.maven.cli.MavenCli.main (MavenCli.java:207)
    at jdk.internal.reflect.DirectMethodHandleAccessor.invoke (DirectMethodHandleAccessor.java:104)
    at java.lang.reflect.Method.invoke (Method.java:565)
    at org.codehaus.plexus.classworlds.launcher.Launcher.launchEnhanced (Launcher.java:255)
    at org.codehaus.plexus.classworlds.launcher.Launcher.launch (Launcher.java:201)
    at org.codehaus.plexus.classworlds.launcher.Launcher.mainWithExitCode (Launcher.java:361)
    at org.codehaus.plexus.classworlds.launcher.Launcher.main (Launcher.java:314)
[ERROR]   
[ERROR]   The project  (/Users/ahsan/DSPROJECT/Health_Care_Platform/backend/auth-service/pom.xml) has 1 error
[ERROR]     Non-parseable POM /Users/ahsan/DSPROJECT/Health_Care_Platform/backend/auth-service/pom.xml: end tag name </dependencies> must match start tag name <dependency> from line 83 (position: TEXT seen ...</dependency>\n\t-->\n</dependencies>... @135:16)  @ line 135, column 16 -> [Help 2]
org.apache.maven.model.io.ModelParseException: end tag name </dependencies> must match start tag name <dependency> from line 83 (position: TEXT seen ...</dependency>\n\t-->\n</dependencies>... @135:16) 
    at org.apache.maven.model.io.DefaultModelReader.read (DefaultModelReader.java:96)
    at org.apache.maven.model.io.DefaultModelReader.read (DefaultModelReader.java:74)
    at org.apache.maven.model.building.DefaultModelProcessor.read (DefaultModelProcessor.java:99)
    at org.apache.maven.model.building.DefaultModelBuilder.readModel (DefaultModelBuilder.java:594)
    at org.apache.maven.model.building.DefaultModelBuilder.build (DefaultModelBuilder.java:262)
    at org.apache.maven.model.building.DefaultModelBuilder.build (DefaultModelBuilder.java:248)
    at org.apache.maven.project.DefaultProjectBuilder.build (DefaultProjectBuilder.java:447)
    at org.apache.maven.project.DefaultProjectBuilder.build (DefaultProjectBuilder.java:410)
    at org.apache.maven.project.DefaultProjectBuilder.build (DefaultProjectBuilder.java:367)
    at org.apache.maven.graph.DefaultGraphBuilder.collectProjects (DefaultGraphBuilder.java:351)
    at org.apache.maven.graph.DefaultGraphBuilder.getProjectsForMavenReactor (DefaultGraphBuilder.java:342)
    at org.apache.maven.graph.DefaultGraphBuilder.build (DefaultGraphBuilder.java:76)
    at org.apache.maven.DefaultMaven.buildGraph (DefaultMaven.java:448)
    at org.apache.maven.DefaultMaven.doExecute (DefaultMaven.java:197)
    at org.apache.maven.DefaultMaven.doExecute (DefaultMaven.java:173)
    at org.apache.maven.DefaultMaven.execute (DefaultMaven.java:101)
    at org.apache.maven.cli.MavenCli.execute (MavenCli.java:919)
    at org.apache.maven.cli.MavenCli.doMain (MavenCli.java:285)
    at org.apache.maven.cli.MavenCli.main (MavenCli.java:207)
    at jdk.internal.reflect.DirectMethodHandleAccessor.invoke (DirectMethodHandleAccessor.java:104)
    at java.lang.reflect.Method.invoke (Method.java:565)
    at org.codehaus.plexus.classworlds.launcher.Launcher.launchEnhanced (Launcher.java:255)
    at org.codehaus.plexus.classworlds.launcher.Launcher.launch (Launcher.java:201)
    at org.codehaus.plexus.classworlds.launcher.Launcher.mainWithExitCode (Launcher.java:361)
    at org.codehaus.plexus.classworlds.launcher.Launcher.main (Launcher.java:314)
Caused by: org.codehaus.plexus.util.xml.pull.XmlPullParserException: end tag name </dependencies> must match start tag name <dependency> from line 83 (position: TEXT seen ...</dependency>\n\t-->\n</dependencies>... @135:16) 
    at org.codehaus.plexus.util.xml.pull.MXParser.parseEndTag (MXParser.java:1702)
    at org.codehaus.plexus.util.xml.pull.MXParser.nextImpl (MXParser.java:1167)
    at org.codehaus.plexus.util.xml.pull.MXParser.next (MXParser.java:1133)
    at org.codehaus.plexus.util.xml.pull.MXParser.nextTag (MXParser.java:1122)
    at org.apache.maven.model.io.xpp3.MavenXpp3ReaderEx.parseDependency (MavenXpp3ReaderEx.java:1537)
    at org.apache.maven.model.io.xpp3.MavenXpp3ReaderEx.parseModel (MavenXpp3ReaderEx.java:2613)
    at org.apache.maven.model.io.xpp3.MavenXpp3ReaderEx.read (MavenXpp3ReaderEx.java:644)
    at org.apache.maven.model.io.xpp3.MavenXpp3ReaderEx.read (MavenXpp3ReaderEx.java:676)
    at org.apache.maven.model.io.DefaultModelReader.read (DefaultModelReader.java:91)
    at org.apache.maven.model.io.DefaultModelReader.read (DefaultModelReader.java:74)
    at org.apache.maven.model.building.DefaultModelProcessor.read (DefaultModelProcessor.java:99)
    at org.apache.maven.model.building.DefaultModelBuilder.readModel (DefaultModelBuilder.java:594)
    at org.apache.maven.model.building.DefaultModelBuilder.build (DefaultModelBuilder.java:262)
    at org.apache.maven.model.building.DefaultModelBuilder.build (DefaultModelBuilder.java:248)
    at org.apache.maven.project.DefaultProjectBuilder.build (DefaultProjectBuilder.java:447)
    at org.apache.maven.project.DefaultProjectBuilder.build (DefaultProjectBuilder.java:410)
    at org.apache.maven.project.DefaultProjectBuilder.build (DefaultProjectBuilder.java:367)
    at org.apache.maven.graph.DefaultGraphBuilder.collectProjects (DefaultGraphBuilder.java:351)
    at org.apache.maven.graph.DefaultGraphBuilder.getProjectsForMavenReactor (DefaultGraphBuilder.java:342)
    at org.apache.maven.graph.DefaultGraphBuilder.build (DefaultGraphBuilder.java:76)
    at org.apache.maven.DefaultMaven.buildGraph (DefaultMaven.java:448)
    at org.apache.maven.DefaultMaven.doExecute (DefaultMaven.java:197)
    at org.apache.maven.DefaultMaven.doExecute (DefaultMaven.java:173)
    at org.apache.maven.DefaultMaven.execute (DefaultMaven.java:101)
    at org.apache.maven.cli.MavenCli.execute (MavenCli.java:919)
    at org.apache.maven.cli.MavenCli.doMain (MavenCli.java:285)
    at org.apache.maven.cli.MavenCli.main (MavenCli.java:207)
    at jdk.internal.reflect.DirectMethodHandleAccessor.invoke (DirectMethodHandleAccessor.java:104)
    at java.lang.reflect.Method.invoke (Method.java:565)
    at org.codehaus.plexus.classworlds.launcher.Launcher.launchEnhanced (Launcher.java:255)
    at org.codehaus.plexus.classworlds.launcher.Launcher.launch (Launcher.java:201)
    at org.codehaus.plexus.classworlds.launcher.Launcher.mainWithExitCode (Launcher.java:361)
    at org.codehaus.plexus.classworlds.launcher.Launcher.main (Launcher.java:314)
[ERROR] 
[ERROR] 
[ERROR] For more information about the errors and possible solutions, please read the following articles:
[ERROR] [Help 1] http://cwiki.apache.org/confluence/display/MAVEN/ProjectBuildingException
[ERROR] [Help 2] http://cwiki.apache.org/confluence/display/MAVEN/ModelParseException
[DEBUG] Shutting down adapter factory; available factories [file-lock, rwlock-local, semaphore-local, noop]; available name mappers [discriminating, file-gaecv, file-gav, file-hgaecv, file-hgav, file-static, gaecv, gav, static]
[DEBUG] Shutting down 'file-lock' factory
[DEBUG] Shutting down 'rwlock-local' factory
[DEBUG] Shutting down 'semaphore-local' factory
[DEBUG] Shutting down 'noop' factory
